<?xml version="1.0" encoding="UTF-8"?>
<testng-results ignored="0" total="1" passed="1" failed="0" skipped="0">
  <reporter-output>
  </reporter-output>
  <suite started-at="2026-03-21T18:16:09 IST" name="Suite" finished-at="2026-03-21T18:16:26 IST" duration-ms="16449">
    <groups>
    </groups>
    <test started-at="2026-03-21T18:16:09 IST" name="Test1" finished-at="2026-03-21T18:16:26 IST" duration-ms="16449">
      <class name="AutoRun.testngRunPratice">
        <test-method is-config="true" signature="lunchbrowser(java.lang.String)[pri:0, instance:AutoRun.testngRunPratice@13c9d689]" started-at="2026-03-21T18:16:09 IST" name="lunchbrowser" finished-at="2026-03-21T18:16:21 IST" duration-ms="12354" status="PASS">
          <params>
            <param index="0">
              <value>
                <![CDATA[chrome]]>
              </value>
            </param>
          </params>
          <reporter-output>
          </reporter-output>
        </test-method> <!-- lunchbrowser -->
        <test-method signature="openWebsite()[pri:0, instance:AutoRun.testngRunPratice@13c9d689]" started-at="2026-03-21T18:16:22 IST" name="openWebsite" finished-at="2026-03-21T18:16:25 IST" duration-ms="3613" status="PASS">
          <reporter-output>
          </reporter-output>
        </test-method> <!-- openWebsite -->
        <test-method is-config="true" signature="tearDown()[pri:0, instance:AutoRun.testngRunPratice@13c9d689]" started-at="2026-03-21T18:16:25 IST" name="tearDown" finished-at="2026-03-21T18:16:26 IST" duration-ms="385" status="PASS">
          <reporter-output>
          </reporter-output>
        </test-method> <!-- tearDown -->
      </class> <!-- AutoRun.testngRunPratice -->
    </test> <!-- Test1 -->
  </suite> <!-- Suite -->
</testng-results>
