<?xml version="1.0" encoding="UTF-8"?>
<testng-results ignored="0" total="2" passed="2" failed="0" skipped="0">
  <reporter-output>
  </reporter-output>
  <suite started-at="2026-03-29T02:39:56 IST" name="Suite" finished-at="2026-03-29T02:40:15 IST" duration-ms="18831">
    <groups>
      <group name="sanity">
        <method signature="testngRunPratice.getTitle()[pri:0, instance:AutoRun.testngRunPratice@34123d65]" name="getTitle" class="AutoRun.testngRunPratice"/>
      </group> <!-- sanity -->
    </groups>
    <test started-at="2026-03-29T02:39:56 IST" name="Test1" finished-at="2026-03-29T02:40:15 IST" duration-ms="18831">
      <class name="AutoRun.testngRunPratice">
        <test-method is-config="true" signature="lunchbrowser(java.lang.String)[pri:0, instance:AutoRun.testngRunPratice@34123d65]" started-at="2026-03-29T02:39:56 IST" name="lunchbrowser" finished-at="2026-03-29T02:40:07 IST" duration-ms="10898" status="PASS">
          <params>
            <param index="0">
              <value>
                <![CDATA[chrome]]>
              </value>
            </param>
          </params>
          <reporter-output>
          </reporter-output>
        </test-method> <!-- lunchbrowser -->
        <test-method signature="getTitle()[pri:0, instance:AutoRun.testngRunPratice@34123d65]" started-at="2026-03-29T02:40:07 IST" name="getTitle" finished-at="2026-03-29T02:40:10 IST" duration-ms="3178" status="PASS">
          <reporter-output>
          </reporter-output>
        </test-method> <!-- getTitle -->
        <test-method is-config="true" signature="tearDown()[pri:0, instance:AutoRun.testngRunPratice@34123d65]" started-at="2026-03-29T02:40:10 IST" name="tearDown" finished-at="2026-03-29T02:40:11 IST" duration-ms="262" status="PASS">
          <reporter-output>
          </reporter-output>
        </test-method> <!-- tearDown -->
        <test-method is-config="true" signature="lunchbrowser(java.lang.String)[pri:0, instance:AutoRun.testngRunPratice@34123d65]" started-at="2026-03-29T02:40:11 IST" name="lunchbrowser" finished-at="2026-03-29T02:40:12 IST" duration-ms="1275" status="PASS">
          <params>
            <param index="0">
              <value>
                <![CDATA[chrome]]>
              </value>
            </param>
          </params>
          <reporter-output>
          </reporter-output>
        </test-method> <!-- lunchbrowser -->
        <test-method signature="openWebsite()[pri:0, instance:AutoRun.testngRunPratice@34123d65]" started-at="2026-03-29T02:40:12 IST" name="openWebsite" finished-at="2026-03-29T02:40:15 IST" duration-ms="2980" status="PASS">
          <reporter-output>
          </reporter-output>
        </test-method> <!-- openWebsite -->
        <test-method is-config="true" signature="tearDown()[pri:0, instance:AutoRun.testngRunPratice@34123d65]" started-at="2026-03-29T02:40:15 IST" name="tearDown" finished-at="2026-03-29T02:40:15 IST" duration-ms="187" status="PASS">
          <reporter-output>
          </reporter-output>
        </test-method> <!-- tearDown -->
      </class> <!-- AutoRun.testngRunPratice -->
    </test> <!-- Test1 -->
  </suite> <!-- Suite -->
</testng-results>
